<?xml version="1.0" encoding="UTF-8"?>
<!-- Generated by org.testng.reporters.JUnitReportReporter -->
<testsuite hostname="majd-sunfower1" failures="0" tests="4" name="MyTestcases" time="11.061" errors="0" timestamp="2024-10-20T22:32:56 EET" skipped="3">
  <testcase classname="MyTestcases" name="AddItemToTheCart" time="11.061"/>
  <system-out/>
  <testcase classname="MyTestcases" name="LJogin">
    <skipped/>
  </testcase> <!-- LJogin -->
  <system-out/>
  <testcase classname="MyTestcases" name="login">
    <skipped/>
  </testcase> <!-- login -->
  <system-out/>
  <testcase classname="MyTestcases" name="creatanaccount">
    <skipped/>
  </testcase> <!-- creatanaccount -->
  <system-out/>
</testsuite> <!-- MyTestcases -->
